SF:/mnt/c/Users/Yakup/Documents/GitHub/1st-grade-2st-term/ForFinal/ce100-final-yakup-eroglu-hasan-basri-taskin-cpp/src/taskscheduler/header/Taskscheduler.h
DA:71,1
DA:63,1
DA:82,1
DA:83,1
DA:84,1
DA:81,1
DA:44,1
DA:45,1
DA:46,1
DA:47,1
DA:55,1
DA:43,1
DA:25,1
DA:26,1
DA:27,1
DA:28,1
DA:29,1
DA:30,1
DA:31,1
DA:32,1
DA:33,1
DA:34,1
DA:35,1
DA:24,1
DA:12,1
DA:13,1
DA:14,1
DA:15,1
DA:16,1
DA:11,1
DA:4,0
DA:90,1
DA:92,1
DA:94,1
DA:96,1
DA:98,1
DA:100,1
DA:106,1
DA:108,1
DA:110,1
DA:112,1
DA:114,1
DA:116,1
DA:118,1
DA:120,1
DA:126,1
DA:128,1
DA:130,1
DA:132,1
DA:134,1
DA:138,1
DA:140,1
DA:142,1
DA:144,1
DA:146,1
DA:148,1
DA:150,1
DA:152,1
DA:154,1
DA:156,1
DA:158,1
DA:160,1
DA:162,1
DA:164,1
DA:166,1
DA:168,1
DA:170,1
DA:174,1
DA:176,1
DA:178,1
DA:180,1
DA:182,1
DA:184,1
DA:186,1
DA:188,1
DA:190,1
DA:192,1
DA:194,1
DA:196,1
DA:198,1
DA:200,1
DA:202,1
DA:204,1
DA:206,1
DA:208,1
DA:210,1
DA:212,1
DA:214,1
DA:216,1
DA:218,1
DA:220,1
DA:222,1
DA:234,1
DA:236,1
DA:238,1
DA:240,1
DA:244,1
DA:246,1
DA:248,1
DA:1,0
end_of_record
SF:/mnt/c/Users/Yakup/Documents/GitHub/1st-grade-2st-term/ForFinal/ce100-final-yakup-eroglu-hasan-basri-taskin-cpp/README.md
DA:1,0
end_of_record
SF:/mnt/c/Users/Yakup/Documents/GitHub/1st-grade-2st-term/ForFinal/ce100-final-yakup-eroglu-hasan-basri-taskin-cpp/src/taskscheduler/src/Taskscheduler.cpp
DA:32,1
DA:37,1
DA:42,1
DA:47,1
DA:52,1
DA:57,1
DA:62,1
DA:67,1
DA:72,1
DA:81,1
DA:98,1
DA:113,1
DA:128,1
DA:154,1
DA:174,1
DA:209,1
DA:223,1
DA:241,1
DA:262,1
DA:284,1
DA:301,1
DA:318,1
DA:337,1
DA:362,1
DA:412,1
DA:447,1
DA:482,1
DA:523,1
DA:591,1
DA:622,1
DA:652,1
DA:692,1
DA:720,1
DA:749,1
DA:770,1
DA:822,1
DA:914,1
DA:997,1
DA:1035,1
DA:1077,1
DA:1166,1
DA:1236,1
DA:1284,1
DA:1339,1
DA:1378,1
DA:1420,1
DA:1447,1
DA:1481,1
DA:1503,1
DA:1517,1
DA:1545,1
DA:1559,1
DA:1587,1
DA:1620,1
DA:1636,1
DA:1651,1
DA:1668,1
DA:1720,1
DA:1738,1
DA:1758,1
DA:1805,1
DA:1833,1
DA:1846,1
DA:1900,1
DA:1913,1
DA:1929,1
DA:1945,1
DA:1994,1
DA:2047,1
DA:2099,1
DA:2138,1
DA:2187,1
DA:2226,1
DA:2294,1
DA:2338,1
DA:2362,1
DA:2419,1
DA:2458,1
DA:2500,1
DA:2553,1
DA:1,0
end_of_record
SF:/mnt/c/Users/Yakup/Documents/GitHub/1st-grade-2st-term/ForFinal/ce100-final-yakup-eroglu-hasan-basri-taskin-cpp/src/taskschedulerapp/header/Taskschedulerapp.h
DA:1,0
end_of_record
SF:/mnt/c/Users/Yakup/Documents/GitHub/1st-grade-2st-term/ForFinal/ce100-final-yakup-eroglu-hasan-basri-taskin-cpp/src/taskschedulerapp/src/Taskschedulerapp.cpp
DA:32,1
DA:1,0
end_of_record
SF:/mnt/c/Users/Yakup/Documents/GitHub/1st-grade-2st-term/ForFinal/ce100-final-yakup-eroglu-hasan-basri-taskin-cpp/src/utility/header/commonTypes.h
DA:1,1
end_of_record
SF:/mnt/c/Users/Yakup/Documents/GitHub/1st-grade-2st-term/ForFinal/ce100-final-yakup-eroglu-hasan-basri-taskin-cpp/src/utility/header/mathUtility.h
DA:1,0
end_of_record
SF:/mnt/c/Users/Yakup/Documents/GitHub/1st-grade-2st-term/ForFinal/ce100-final-yakup-eroglu-hasan-basri-taskin-cpp/src/utility/src/mathUtility.cpp
DA:1,0
end_of_record
