SF:/mnt/c/Users/Yakup/Documents/GitHub/1st-grade-2st-term/ForFinal/ce100-final-yakup-eroglu-hasan-basri-taskin-cpp/src/tests/taskscheduler/Taskscheduler_test.cpp
DA:11,0
DA:12,0
DA:13,0
DA:14,0
DA:15,0
DA:44,0
DA:51,0
DA:9,0
DA:1,0
DA:7,0
DA:58,0
DA:63,0
DA:68,0
DA:75,0
DA:82,0
DA:87,0
DA:93,0
DA:99,0
DA:104,0
DA:118,0
DA:122,0
DA:126,0
DA:130,0
DA:134,0
DA:138,0
DA:142,0
DA:146,0
DA:151,0
DA:156,0
DA:161,0
DA:166,0
DA:171,0
DA:176,0
DA:181,0
DA:186,0
DA:191,0
DA:197,0
DA:202,0
DA:207,0
DA:212,0
DA:218,0
DA:223,0
DA:228,0
DA:233,0
DA:238,0
DA:243,0
DA:248,0
DA:253,0
DA:258,0
DA:263,0
DA:268,0
DA:273,0
DA:278,0
DA:283,0
DA:289,0
DA:294,0
DA:299,0
DA:304,0
DA:309,0
DA:315,0
DA:327,0
DA:339,0
DA:355,0
DA:367,0
DA:383,0
DA:401,0
DA:411,0
DA:425,0
DA:453,0
DA:465,0
DA:479,0
DA:498,0
DA:517,0
DA:536,0
DA:555,0
DA:574,0
DA:594,0
DA:608,0
DA:627,0
DA:647,0
DA:661,0
DA:680,0
DA:699,0
DA:720,0
DA:734,0
DA:753,0
DA:773,0
DA:791,0
DA:811,0
DA:832,0
DA:846,0
DA:865,0
DA:884,0
DA:903,0
DA:923,0
DA:931,0
DA:950,0
DA:970,0
DA:978,0
DA:997,0
DA:1016,0
DA:1026,0
DA:1040,0
DA:1059,0
DA:1078,0
DA:1095,0
DA:1100,0
DA:1106,0
DA:1111,0
DA:1117,0
DA:1138,0
DA:1159,0
DA:1179,0
DA:1199,0
DA:1215,0
DA:1236,0
DA:1250,0
DA:1270,0
DA:1275,0
DA:1280,0
DA:1285,0
DA:1290,0
DA:1307,0
end_of_record
SF:/mnt/c/Users/Yakup/Documents/GitHub/1st-grade-2st-term/ForFinal/ce100-final-yakup-eroglu-hasan-basri-taskin-cpp/[generated]
DA:1,0
end_of_record
SF:/mnt/c/Users/Yakup/Documents/GitHub/1st-grade-2st-term/ForFinal/ce100-final-yakup-eroglu-hasan-basri-taskin-cpp/README.md
DA:1,0
end_of_record
SF:/mnt/c/Users/Yakup/Documents/GitHub/1st-grade-2st-term/ForFinal/ce100-final-yakup-eroglu-hasan-basri-taskin-cpp/src/tests/utility/utility_test.cpp
DA:1,0
end_of_record
